  Plot2DViewer.cpp
c:\users\mrsla\desktop\новая папка (4)\computer_graphic_lab2-master\lab3\plot2dviewer - first method\computer_graphic_lab2-master\lab3\plot2dviewer - first method\plot2dviewer\camera2d.h(14): warning C4244: return: преобразование "double" в "int", возможна потеря данных
c:\users\mrsla\desktop\новая папка (4)\computer_graphic_lab2-master\lab3\plot2dviewer - first method\computer_graphic_lab2-master\lab3\plot2dviewer - first method\plot2dviewer\camera2d.h(18): warning C4244: return: преобразование "double" в "int", возможна потеря данных
c:\users\mrsla\desktop\новая папка (4)\computer_graphic_lab2-master\lab3\plot2dviewer - first method\computer_graphic_lab2-master\lab3\plot2dviewer - first method\plot2dviewer\scene2d.h(39): warning C4244: аргумент: преобразование "double" в "int", возможна потеря данных
c:\users\mrsla\desktop\новая папка (4)\computer_graphic_lab2-master\lab3\plot2dviewer - first method\computer_graphic_lab2-master\lab3\plot2dviewer - first method\plot2dviewer\scene2d.h(40): warning C4244: аргумент: преобразование "double" в "int", возможна потеря данных
c:\users\mrsla\desktop\новая папка (4)\computer_graphic_lab2-master\lab3\plot2dviewer - first method\computer_graphic_lab2-master\lab3\plot2dviewer - first method\plot2dviewer\scene2d.h(43): warning C4244: аргумент: преобразование "double" в "int", возможна потеря данных
c:\users\mrsla\desktop\новая папка (4)\computer_graphic_lab2-master\lab3\plot2dviewer - first method\computer_graphic_lab2-master\lab3\plot2dviewer - first method\plot2dviewer\scene2d.h(44): warning C4244: аргумент: преобразование "double" в "int", возможна потеря данных
c:\users\mrsla\desktop\новая папка (4)\computer_graphic_lab2-master\lab3\plot2dviewer - first method\computer_graphic_lab2-master\lab3\plot2dviewer - first method\plot2dviewer\scene2d.h(54): warning C4244: аргумент: преобразование "double" в "int", возможна потеря данных
c:\users\mrsla\desktop\новая папка (4)\computer_graphic_lab2-master\lab3\plot2dviewer - first method\computer_graphic_lab2-master\lab3\plot2dviewer - first method\plot2dviewer\scene2d.h(55): warning C4244: аргумент: преобразование "double" в "int", возможна потеря данных
c:\users\mrsla\desktop\новая папка (4)\computer_graphic_lab2-master\lab3\plot2dviewer - first method\computer_graphic_lab2-master\lab3\plot2dviewer - first method\plot2dviewer\scene2d.h(58): warning C4244: аргумент: преобразование "double" в "int", возможна потеря данных
c:\users\mrsla\desktop\новая папка (4)\computer_graphic_lab2-master\lab3\plot2dviewer - first method\computer_graphic_lab2-master\lab3\plot2dviewer - first method\plot2dviewer\scene2d.h(59): warning C4244: аргумент: преобразование "double" в "int", возможна потеря данных
c:\users\mrsla\desktop\новая папка (4)\computer_graphic_lab2-master\lab3\plot2dviewer - first method\computer_graphic_lab2-master\lab3\plot2dviewer - first method\plot2dviewer\scene2d.h(89): warning C4244: аргумент: преобразование "double" в "int", возможна потеря данных
c:\users\mrsla\desktop\новая папка (4)\computer_graphic_lab2-master\lab3\plot2dviewer - first method\computer_graphic_lab2-master\lab3\plot2dviewer - first method\plot2dviewer\plot2dviewer.cpp(157): warning C4244: аргумент: преобразование "double" в "int", возможна потеря данных
c:\users\mrsla\desktop\новая папка (4)\computer_graphic_lab2-master\lab3\plot2dviewer - first method\computer_graphic_lab2-master\lab3\plot2dviewer - first method\plot2dviewer\plot2dviewer.cpp(158): warning C4244: аргумент: преобразование "double" в "int", возможна потеря данных
c:\users\mrsla\desktop\новая папка (4)\computer_graphic_lab2-master\lab3\plot2dviewer - first method\computer_graphic_lab2-master\lab3\plot2dviewer - first method\plot2dviewer\plot2dviewer.cpp(168): warning C4244: аргумент: преобразование "double" в "int", возможна потеря данных
c:\users\mrsla\desktop\новая папка (4)\computer_graphic_lab2-master\lab3\plot2dviewer - first method\computer_graphic_lab2-master\lab3\plot2dviewer - first method\plot2dviewer\plot2dviewer.cpp(169): warning C4244: аргумент: преобразование "double" в "int", возможна потеря данных
c:\users\mrsla\desktop\новая папка (4)\computer_graphic_lab2-master\lab3\plot2dviewer - first method\computer_graphic_lab2-master\lab3\plot2dviewer - first method\plot2dviewer\model2d.h(149): warning C4018: <: несоответствие типов со знаком и без знака
  c:\users\mrsla\desktop\новая папка (4)\computer_graphic_lab2-master\lab3\plot2dviewer - first method\computer_graphic_lab2-master\lab3\plot2dviewer - first method\plot2dviewer\model2d.h(45): note: выполняется компиляция ссылки на экземпляр шаблон функции "Matrix<double> Model2D::readFromFile<double>(std::string)"
c:\users\mrsla\desktop\новая папка (4)\computer_graphic_lab2-master\lab3\plot2dviewer - first method\computer_graphic_lab2-master\lab3\plot2dviewer - first method\plot2dviewer\model2d.h(135): warning C4101: symbol: неиспользованная локальная переменная
c:\users\mrsla\desktop\новая папка (4)\computer_graphic_lab2-master\lab3\plot2dviewer - first method\computer_graphic_lab2-master\lab3\plot2dviewer - first method\plot2dviewer\affinetransform.h(69): warning C4715: Mapping: значение возвращается не при всех путях выполнения
  Plot2DViewer.vcxproj -> C:\Users\Mrsla\Desktop\Новая папка (4)\Computer_graphic_lab2-master\lab3\Plot2DViewer - First Method\Computer_graphic_lab2-master\lab3\Plot2DViewer - First Method\Debug\Plot2DViewer.exe
